# JRE version: Java(TM) SE Runtime Environment (8.0_152-b16) (build 1.8.0_152-b16)
# Java VM: Java HotSpot(TM) 64-Bit Server VM (25.152-b16 mixed mode windows-amd64 compressed oops)
Heap:
 PSYoungGen      total 1373696K, used 13297K [0x000000076b580000, 0x00000007c0000000, 0x00000007c0000000)
  eden space 1360384K, 0% used [0x000000076b580000,0x000000076b580000,0x00000007be600000)
  from space 13312K, 99% used [0x00000007be600000,0x00000007bf2fc7c8,0x00000007bf300000)
  to   space 13312K, 0% used [0x00000007bf300000,0x00000007bf300000,0x00000007c0000000)
 ParOldGen       total 254976K, used 247638K [0x00000006c2000000, 0x00000006d1900000, 0x000000076b580000)
  object space 254976K, 97% used [0x00000006c2000000,0x00000006d11d5a28,0x00000006d1900000)
 Metaspace       used 8607K, capacity 8782K, committed 8960K, reserved 1056768K
  class space    used 919K, capacity 991K, committed 1024K, reserved 1048576K
GC Heap History (10 events):
Event: 617.306 GC heap after
Heap after GC invocations=1181 (full 2):
 PSYoungGen      total 1382912K, used 3056K [0x000000076b580000, 0x00000007c0000000, 0x00000007c0000000)
  eden space 1379840K, 0% used [0x000000076b580000,0x000000076b580000,0x00000007bf900000)
  from space 3072K, 99% used [0x00000007bf900000,0x00000007bfbfc0c8,0x00000007bfc00000)
  to   space 4096K, 0% used [0x00000007bfc00000,0x00000007bfc00000,0x00000007c0000000)
 ParOldGen       total 254976K, used 228409K [0x00000006c2000000, 0x00000006d1900000, 0x000000076b580000)
  object space 254976K, 89% used [0x00000006c2000000,0x00000006cff0e668,0x00000006d1900000)
 Metaspace       used 8599K, capacity 8782K, committed 8960K, reserved 1056768K
  class space    used 919K, capacity 991K, committed 1024K, reserved 1048576K
}
Event: 618.644 GC heap before
{Heap before GC invocations=1182 (full 2):
 PSYoungGen      total 1382912K, used 1382896K [0x000000076b580000, 0x00000007c0000000, 0x00000007c0000000)
  eden space 1379840K, 100% used [0x000000076b580000,0x00000007bf900000,0x00000007bf900000)
  from space 3072K, 99% used [0x00000007bf900000,0x00000007bfbfc0c8,0x00000007bfc00000)
  to   space 4096K, 0% used [0x00000007bfc00000,0x00000007bfc00000,0x00000007c0000000)
 ParOldGen       total 254976K, used 228409K [0x00000006c2000000, 0x00000006d1900000, 0x000000076b580000)
  object space 254976K, 89% used [0x00000006c2000000,0x00000006cff0e668,0x00000006d1900000)
 Metaspace       used 8605K, capacity 8782K, committed 8960K, reserved 1056768K
  class space    used 919K, capacity 991K, committed 1024K, reserved 1048576K
Event: 618.650 GC heap after
Heap after GC invocations=1182 (full 2):
 PSYoungGen      total 1378816K, used 4081K [0x000000076b580000, 0x00000007c0000000, 0x00000007c0000000)
  eden space 1374720K, 0% used [0x000000076b580000,0x000000076b580000,0x00000007bf400000)
  from space 4096K, 99% used [0x00000007bfc00000,0x00000007bfffc538,0x00000007c0000000)
  to   space 6144K, 0% used [0x00000007bf400000,0x00000007bf400000,0x00000007bfa00000)
 ParOldGen       total 254976K, used 228689K [0x00000006c2000000, 0x00000006d1900000, 0x000000076b580000)
  object space 254976K, 89% used [0x00000006c2000000,0x00000006cff54668,0x00000006d1900000)
 Metaspace       used 8605K, capacity 8782K, committed 8960K, reserved 1056768K
  class space    used 919K, capacity 991K, committed 1024K, reserved 1048576K
}
Event: 619.746 GC heap before
{Heap before GC invocations=1183 (full 2):
 PSYoungGen      total 1378816K, used 1378801K [0x000000076b580000, 0x00000007c0000000, 0x00000007c0000000)
  eden space 1374720K, 100% used [0x000000076b580000,0x00000007bf400000,0x00000007bf400000)
  from space 4096K, 99% used [0x00000007bfc00000,0x00000007bfffc538,0x00000007c0000000)
  to   space 6144K, 0% used [0x00000007bf400000,0x00000007bf400000,0x00000007bfa00000)
 ParOldGen       total 254976K, used 228689K [0x00000006c2000000, 0x00000006d1900000, 0x000000076b580000)
  object space 254976K, 89% used [0x00000006c2000000,0x00000006cff54668,0x00000006d1900000)
 Metaspace       used 8605K, capacity 8782K, committed 8960K, reserved 1056768K
  class space    used 919K, capacity 991K, committed 1024K, reserved 1048576K
Event: 619.751 GC heap after
Heap after GC invocations=1183 (full 2):
 PSYoungGen      total 1380864K, used 4209K [0x000000076b580000, 0x00000007c0000000, 0x00000007c0000000)
  eden space 1374720K, 0% used [0x000000076b580000,0x000000076b580000,0x00000007bf400000)
  from space 6144K, 68% used [0x00000007bf400000,0x00000007bf81c538,0x00000007bfa00000)
  to   space 6144K, 0% used [0x00000007bfa00000,0x00000007bfa00000,0x00000007c0000000)
 ParOldGen       total 254976K, used 228689K [0x00000006c2000000, 0x00000006d1900000, 0x000000076b580000)
  object space 254976K, 89% used [0x00000006c2000000,0x00000006cff54668,0x00000006d1900000)
 Metaspace       used 8605K, capacity 8782K, committed 8960K, reserved 1056768K
  class space    used 919K, capacity 991K, committed 1024K, reserved 1048576K
}
Event: 620.449 GC heap before
{Heap before GC invocations=1184 (full 2):
 PSYoungGen      total 1380864K, used 1378929K [0x000000076b580000, 0x00000007c0000000, 0x00000007c0000000)
  eden space 1374720K, 100% used [0x000000076b580000,0x00000007bf400000,0x00000007bf400000)
  from space 6144K, 68% used [0x00000007bf400000,0x00000007bf81c538,0x00000007bfa00000)
  to   space 6144K, 0% used [0x00000007bfa00000,0x00000007bfa00000,0x00000007c0000000)
 ParOldGen       total 254976K, used 228689K [0x00000006c2000000, 0x00000006d1900000, 0x000000076b580000)
  object space 254976K, 89% used [0x00000006c2000000,0x00000006cff54668,0x00000006d1900000)
 Metaspace       used 8607K, capacity 8782K, committed 8960K, reserved 1056768K
  class space    used 919K, capacity 991K, committed 1024K, reserved 1048576K
Event: 620.473 GC heap after
Heap after GC invocations=1184 (full 2):
 PSYoungGen      total 1366528K, used 6139K [0x000000076b580000, 0x00000007c0000000, 0x00000007c0000000)
  eden space 1360384K, 0% used [0x000000076b580000,0x000000076b580000,0x00000007be600000)
  from space 6144K, 99% used [0x00000007bfa00000,0x00000007bfffeca0,0x00000007c0000000)
  to   space 13312K, 0% used [0x00000007be600000,0x00000007be600000,0x00000007bf300000)
 ParOldGen       total 254976K, used 244301K [0x00000006c2000000, 0x00000006d1900000, 0x000000076b580000)
  object space 254976K, 95% used [0x00000006c2000000,0x00000006d0e93688,0x00000006d1900000)
 Metaspace       used 8607K, capacity 8782K, committed 8960K, reserved 1056768K
  class space    used 919K, capacity 991K, committed 1024K, reserved 1048576K
}
Event: 621.165 GC heap before
{Heap before GC invocations=1185 (full 2):
 PSYoungGen      total 1366528K, used 1366523K [0x000000076b580000, 0x00000007c0000000, 0x00000007c0000000)
  eden space 1360384K, 100% used [0x000000076b580000,0x00000007be600000,0x00000007be600000)
  from space 6144K, 99% used [0x00000007bfa00000,0x00000007bfffeca0,0x00000007c0000000)
  to   space 13312K, 0% used [0x00000007be600000,0x00000007be600000,0x00000007bf300000)
 ParOldGen       total 254976K, used 244301K [0x00000006c2000000, 0x00000006d1900000, 0x000000076b580000)
  object space 254976K, 95% used [0x00000006c2000000,0x00000006d0e93688,0x00000006d1900000)
 Metaspace       used 8607K, capacity 8782K, committed 8960K, reserved 1056768K
  class space    used 919K, capacity 991K, committed 1024K, reserved 1048576K
Event: 621.184 GC heap after
Heap after GC invocations=1185 (full 2):
 PSYoungGen      total 1373696K, used 13297K [0x000000076b580000, 0x00000007c0000000, 0x00000007c0000000)
  eden space 1360384K, 0% used [0x000000076b580000,0x000000076b580000,0x00000007be600000)
  from space 13312K, 99% used [0x00000007be600000,0x00000007bf2fc7c8,0x00000007bf300000)
  to   space 13312K, 0% used [0x00000007bf300000,0x00000007bf300000,0x00000007c0000000)
 ParOldGen       total 254976K, used 247638K [0x00000006c2000000, 0x00000006d1900000, 0x000000076b580000)
  object space 254976K, 97% used [0x00000006c2000000,0x00000006d11d5a28,0x00000006d1900000)
 Metaspace       used 8607K, capacity 8782K, committed 8960K, reserved 1056768K
  class space    used 919K, capacity 991K, committed 1024K, reserved 1048576K
}
Event: 621.184 GC heap before
{Heap before GC invocations=1186 (full 3):
 PSYoungGen      total 1373696K, used 13297K [0x000000076b580000, 0x00000007c0000000, 0x00000007c0000000)
  eden space 1360384K, 0% used [0x000000076b580000,0x000000076b580000,0x00000007be600000)
  from space 13312K, 99% used [0x00000007be600000,0x00000007bf2fc7c8,0x00000007bf300000)
  to   space 13312K, 0% used [0x00000007bf300000,0x00000007bf300000,0x00000007c0000000)
 ParOldGen       total 254976K, used 247638K [0x00000006c2000000, 0x00000006d1900000, 0x000000076b580000)
  object space 254976K, 97% used [0x00000006c2000000,0x00000006d11d5a28,0x00000006d1900000)
 Metaspace       used 8607K, capacity 8782K, committed 8960K, reserved 1056768K
  class space    used 919K, capacity 991K, committed 1024K, reserved 1048576K

